<?xml version="1.0" encoding="UTF-8"?>
<!-- Generated by org.testng.reporters.JUnitReportReporter -->
<testsuite hostname="LAPTOP-6GBMS8UA" failures="0" tests="4" name="groupsExecution.Class1" time="0.051" errors="0" timestamp="2024-07-17T15:50:41 IST" skipped="0">
  <testcase classname="groupsExecution.Class1" name="m2" time="0.003"/>
  <testcase classname="groupsExecution.Class1" name="m1" time="0.030"/>
  <testcase classname="groupsExecution.Class1" name="m2" time="0.002"/>
  <testcase classname="groupsExecution.Class1" name="m3" time="0.016"/>
</testsuite> <!-- groupsExecution.Class1 -->
