<?xml version="1.0" encoding="UTF-8"?>
<!-- Generated by org.testng.reporters.JUnitReportReporter -->
<testsuite hostname="LAPTOP-6GBMS8UA" failures="0" tests="4" name="groupsExecution.Class3" time="0.041" errors="0" timestamp="2024-07-17T15:50:41 IST" skipped="0">
  <testcase classname="groupsExecution.Class3" name="m3" time="0.012"/>
  <testcase classname="groupsExecution.Class3" name="m1" time="0.008"/>
  <testcase classname="groupsExecution.Class3" name="m2" time="0.016"/>
  <testcase classname="groupsExecution.Class3" name="m2" time="0.005"/>
</testsuite> <!-- groupsExecution.Class3 -->
