<?xml version="1.0" encoding="UTF-8"?>
<!-- Generated by org.testng.reporters.JUnitReportReporter -->
<testsuite hostname="LAPTOP-6GBMS8UA" failures="0" tests="5" name="dataProviderConcept.DataProviderWithName" time="101.679" errors="0" timestamp="2024-07-23T15:58:56 IST" skipped="0">
  <testcase classname="dataProviderConcept.DataProviderWithName" name="validatelogin" time="21.084"/>
  <testcase classname="dataProviderConcept.DataProviderWithName" name="validatelogin" time="20.640"/>
  <testcase classname="dataProviderConcept.DataProviderWithName" name="validatelogin" time="19.655"/>
  <testcase classname="dataProviderConcept.DataProviderWithName" name="validatelogin" time="21.440"/>
  <testcase classname="dataProviderConcept.DataProviderWithName" name="validatelogin" time="18.860"/>
</testsuite> <!-- dataProviderConcept.DataProviderWithName -->
