<?xml version="1.0" encoding="UTF-8"?>
<!-- Generated by org.testng.reporters.JUnitReportReporter -->
<testsuite hostname="LAPTOP-6GBMS8UA" failures="0" tests="5" name="dataProviderConcept.DataProviderWithoutName" time="136.276" errors="0" timestamp="2024-07-23T15:53:58 IST" skipped="0">
  <testcase classname="dataProviderConcept.DataProviderWithoutName" name="validatelogin" time="28.402"/>
  <testcase classname="dataProviderConcept.DataProviderWithoutName" name="validatelogin" time="26.285"/>
  <testcase classname="dataProviderConcept.DataProviderWithoutName" name="validatelogin" time="27.334"/>
  <testcase classname="dataProviderConcept.DataProviderWithoutName" name="validatelogin" time="27.554"/>
  <testcase classname="dataProviderConcept.DataProviderWithoutName" name="validatelogin" time="26.701"/>
</testsuite> <!-- dataProviderConcept.DataProviderWithoutName -->
