<?xml version="1.0" encoding="UTF-8"?>
<!-- Generated by org.testng.reporters.JUnitReportReporter -->
<testsuite hostname="LAPTOP-6GBMS8UA" failures="0" tests="4" name="groupsExecution.Class2" time="0.026" errors="0" timestamp="2024-07-17T15:50:41 IST" skipped="0">
  <testcase classname="groupsExecution.Class2" name="m2" time="0.006"/>
  <testcase classname="groupsExecution.Class2" name="m1" time="0.004"/>
  <testcase classname="groupsExecution.Class2" name="m3" time="0.010"/>
  <testcase classname="groupsExecution.Class2" name="m2" time="0.006"/>
</testsuite> <!-- groupsExecution.Class2 -->
