<?xml version="1.0" encoding="UTF-8"?>
<!-- Generated by org.testng.reporters.JUnitReportReporter -->
<testsuite hostname="LAPTOP-6GBMS8UA" failures="0" tests="12" name="dataProviderConcept.ParallelExecution" time="317.857" errors="0" timestamp="2024-07-23T16:25:52 IST" skipped="0">
  <testcase classname="dataProviderConcept.ParallelExecution" name="demo" time="29.180"/>
  <testcase classname="dataProviderConcept.ParallelExecution" name="demo" time="27.210"/>
  <testcase classname="dataProviderConcept.ParallelExecution" name="demo" time="25.165"/>
  <testcase classname="dataProviderConcept.ParallelExecution" name="demo" time="24.751"/>
  <testcase classname="dataProviderConcept.ParallelExecution" name="demo" time="29.753"/>
  <testcase classname="dataProviderConcept.ParallelExecution" name="demo" time="28.351"/>
  <testcase classname="dataProviderConcept.ParallelExecution" name="demo" time="21.998"/>
  <testcase classname="dataProviderConcept.ParallelExecution" name="demo" time="30.847"/>
  <testcase classname="dataProviderConcept.ParallelExecution" name="demo" time="21.822"/>
  <testcase classname="dataProviderConcept.ParallelExecution" name="demo" time="25.291"/>
  <testcase classname="dataProviderConcept.ParallelExecution" name="demo" time="25.635"/>
  <testcase classname="dataProviderConcept.ParallelExecution" name="demo" time="27.854"/>
</testsuite> <!-- dataProviderConcept.ParallelExecution -->
