<?xml version="1.0" encoding="UTF-8"?>
<!-- Generated by org.testng.reporters.JUnitReportReporter -->
<testsuite hostname="LAPTOP-6GBMS8UA" failures="0" tests="3" name="otherConcept.DependsOnMethodConcept" time="0.039" errors="0" timestamp="2024-07-17T16:10:15 IST" skipped="0">
  <testcase classname="otherConcept.DependsOnMethodConcept" name="m1" time="0.030"/>
  <testcase classname="otherConcept.DependsOnMethodConcept" name="m3" time="0.005"/>
  <testcase classname="otherConcept.DependsOnMethodConcept" name="m2" time="0.004"/>
</testsuite> <!-- otherConcept.DependsOnMethodConcept -->
