<?xml version="1.0" encoding="UTF-8"?>
<!-- Generated by org.testng.reporters.JUnitReportReporter -->
<testsuite hostname="LAPTOP-6GBMS8UA" failures="0" tests="1" name="demo.Demo" time="52.060" errors="0" timestamp="2024-07-27T19:12:37 IST" skipped="0">
  <testcase classname="demo.Demo" name="handlingWindow" time="52.060"/>
</testsuite> <!-- demo.Demo -->
