<?xml version="1.0" encoding="UTF-8"?>
<!-- Generated by org.testng.reporters.JUnitReportReporter -->
<testsuite hostname="LAPTOP-6GBMS8UA" failures="0" tests="1" name="parameterizationConcept.SuiteLevel" time="17.427" errors="0" timestamp="2024-07-18T16:07:19 IST" skipped="0">
  <testcase classname="parameterizationConcept.SuiteLevel" name="m" time="17.427"/>
</testsuite> <!-- parameterizationConcept.SuiteLevel -->
