<?xml version="1.0" encoding="UTF-8"?>
<!-- Generated by org.testng.reporters.JUnitReportReporter -->
<testsuite hostname="LAPTOP-6GBMS8UA" failures="0" tests="12" name="dataProviderConcept.DataProviderWithExcel" time="150.305" errors="0" timestamp="2024-07-23T16:17:07 IST" skipped="0">
  <testcase classname="dataProviderConcept.DataProviderWithExcel" name="demo" time="12.694"/>
  <testcase classname="dataProviderConcept.DataProviderWithExcel" name="demo" time="11.505"/>
  <testcase classname="dataProviderConcept.DataProviderWithExcel" name="demo" time="17.135"/>
  <testcase classname="dataProviderConcept.DataProviderWithExcel" name="demo" time="12.533"/>
  <testcase classname="dataProviderConcept.DataProviderWithExcel" name="demo" time="11.104"/>
  <testcase classname="dataProviderConcept.DataProviderWithExcel" name="demo" time="11.448"/>
  <testcase classname="dataProviderConcept.DataProviderWithExcel" name="demo" time="10.980"/>
  <testcase classname="dataProviderConcept.DataProviderWithExcel" name="demo" time="12.793"/>
  <testcase classname="dataProviderConcept.DataProviderWithExcel" name="demo" time="12.139"/>
  <testcase classname="dataProviderConcept.DataProviderWithExcel" name="demo" time="13.362"/>
  <testcase classname="dataProviderConcept.DataProviderWithExcel" name="demo" time="12.683"/>
  <testcase classname="dataProviderConcept.DataProviderWithExcel" name="demo" time="11.929"/>
</testsuite> <!-- dataProviderConcept.DataProviderWithExcel -->
