<?xml version="1.0" encoding="UTF-8"?>
<!-- Generated by org.testng.reporters.JUnitReportReporter -->
<testsuite hostname="LAPTOP-6GBMS8UA" failures="0" tests="1" name="excelFileHandling.NewExcelFileHandling" time="1.884" errors="0" timestamp="2024-07-22T16:13:38 IST" skipped="0">
  <testcase classname="excelFileHandling.NewExcelFileHandling" name="write" time="1.884"/>
</testsuite> <!-- excelFileHandling.NewExcelFileHandling -->
