<?xml version="1.0" encoding="UTF-8"?>
<!-- Generated by org.testng.reporters.JUnitReportReporter -->
<testsuite hostname="LAPTOP-6GBMS8UA" failures="0" tests="4" name="testNG.BeforeAndAfterClass" time="0.098" errors="0" timestamp="2024-07-17T15:54:15 IST" skipped="0">
  <testcase classname="testNG.BeforeAndAfterClass" name="m4" time="0.035"/>
  <testcase classname="testNG.BeforeAndAfterClass" name="m2" time="0.032"/>
  <testcase classname="testNG.BeforeAndAfterClass" name="m1" time="0.008"/>
  <testcase classname="testNG.BeforeAndAfterClass" name="m3" time="0.023"/>
</testsuite> <!-- testNG.BeforeAndAfterClass -->
