<?xml version="1.0" encoding="UTF-8"?>
<!-- Generated by org.testng.reporters.JUnitReportReporter -->
<testsuite hostname="LAPTOP-6GBMS8UA" failures="0" tests="3" name="otherConcept.PriorityConcept" time="0.060" errors="0" timestamp="2024-07-17T16:03:23 IST" skipped="0">
  <testcase classname="otherConcept.PriorityConcept" name="m2" time="0.040"/>
  <testcase classname="otherConcept.PriorityConcept" name="m3" time="0.005"/>
  <testcase classname="otherConcept.PriorityConcept" name="m1" time="0.015"/>
</testsuite> <!-- otherConcept.PriorityConcept -->
