<?xml version="1.0" encoding="UTF-8"?>
<!-- Generated by org.testng.reporters.JUnitReportReporter -->
<testsuite hostname="LAPTOP-6GBMS8UA" failures="0" tests="1" name="excelFileHandling.OlderExcelFileHandling" time="0.789" errors="0" timestamp="2024-07-19T16:17:30 IST" skipped="0">
  <testcase classname="excelFileHandling.OlderExcelFileHandling" name="readData" time="0.789"/>
</testsuite> <!-- excelFileHandling.OlderExcelFileHandling -->
