<?xml version="1.0" encoding="UTF-8"?>
<!-- Generated by org.testng.reporters.JUnitReportReporter -->
<testsuite hostname="LAPTOP-6GBMS8UA" failures="0" tests="4" name="testNG.BeforeAndAfterMethodConcept" time="0.143" errors="0" timestamp="2024-07-17T15:54:15 IST" skipped="0">
  <testcase classname="testNG.BeforeAndAfterMethodConcept" name="m2" time="0.036"/>
  <testcase classname="testNG.BeforeAndAfterMethodConcept" name="m4" time="0.015"/>
  <testcase classname="testNG.BeforeAndAfterMethodConcept" name="m1" time="0.026"/>
  <testcase classname="testNG.BeforeAndAfterMethodConcept" name="m3" time="0.066"/>
</testsuite> <!-- testNG.BeforeAndAfterMethodConcept -->
