<?xml version="1.0" encoding="UTF-8"?>
<!-- Generated by org.testng.reporters.JUnitReportReporter -->
<testsuite hostname="LAPTOP-6GBMS8UA" failures="0" tests="3" name="otherConcept.AvoidTest" time="0.038" errors="0" timestamp="2024-07-17T16:14:41 IST" skipped="1">
  <testcase classname="otherConcept.AvoidTest" name="m3" time="0.007"/>
  <testcase classname="otherConcept.AvoidTest" name="m2" time="0.031"/>
  <testcase classname="otherConcept.AvoidTest" name="m1">
    <skipped/>
  </testcase> <!-- m1 -->
</testsuite> <!-- otherConcept.AvoidTest -->
