<?xml version="1.0" encoding="UTF-8"?>
<!-- Generated by org.testng.reporters.JUnitReportReporter -->
<testsuite hostname="LAPTOP-6GBMS8UA" failures="0" tests="1" name="propertyFileConcept.ReadPropertyFileConcept" time="28.859" errors="0" timestamp="2024-07-18T16:22:22 IST" skipped="0">
  <testcase classname="propertyFileConcept.ReadPropertyFileConcept" name="login" time="28.859"/>
</testsuite> <!-- propertyFileConcept.ReadPropertyFileConcept -->
