<?xml version="1.0" encoding="UTF-8"?>
<!-- Generated by org.testng.reporters.JUnitReportReporter -->
<testsuite hostname="LAPTOP-6GBMS8UA" failures="0" tests="1" name="testNG.AssertionsConcept" time="22.284" errors="0" timestamp="2024-07-17T15:54:15 IST" skipped="0">
  <testcase classname="testNG.AssertionsConcept" name="validating" time="22.284"/>
</testsuite> <!-- testNG.AssertionsConcept -->
