<?xml version="1.0" encoding="UTF-8"?>
<!-- Generated by org.testng.reporters.JUnitReportReporter -->
<testsuite hostname="LAPTOP-6GBMS8UA" failures="0" tests="2" name="excelFileHandling.UsingInterface" time="2.053" errors="0" timestamp="2024-07-22T16:21:24 IST" skipped="0">
  <testcase classname="excelFileHandling.UsingInterface" name="oldExcel" time="0.406"/>
  <testcase classname="excelFileHandling.UsingInterface" name="newExcel" time="1.647"/>
</testsuite> <!-- excelFileHandling.UsingInterface -->
