<?xml version="1.0" encoding="UTF-8"?>
<!-- Generated by org.testng.reporters.JUnitReportReporter -->
<testsuite hostname="LAPTOP-6GBMS8UA" failures="0" tests="1" name="parameterizationConcept.TestLevel" time="11.335" errors="0" timestamp="2024-07-18T16:06:13 IST" skipped="0">
  <testcase classname="parameterizationConcept.TestLevel" name="m" time="11.335"/>
</testsuite> <!-- parameterizationConcept.TestLevel -->
